<?xml version="1.0" encoding="UTF-8"?>
<!-- Generated by org.testng.reporters.JUnitXMLReporter -->
<testsuite ignored="0" hostname="LAPTOP-R07U5B31" failures="0" tests="9" name="Testing grouping" time="215.066" errors="0" timestamp="2023-06-27T12:04:52 GST">
  <testcase classname="com.qalegendbilling.testScripts.ViewUserTest" name="verifyTheDetailsDisplayedOnViewUserPage" time="22.451"/>
  <testcase classname="com.qalegendbilling.testScripts.HomeTest" name="TC_001_verifyWhetherUserAbleToSignoutFromTheApplication" time="4.665"/>
  <testcase classname="com.qalegendbilling.testScripts.HomeTest" name="TC_002_verifyUserManagementSubTabs" time="6.469"/>
  <testcase classname="com.qalegendbilling.testScripts.AddUserTest" name="TC_001_verifyWhetherUserAbleToAddTheNewUser" time="17.985"/>
  <testcase classname="com.qalegendbilling.testScripts.AddUserTest" name="TC_002_verifyInvalidUserSearch" time="13.065"/>
  <testcase classname="com.qalegendbilling.testScripts.UserTest" name="TC_001_verifyWhetherUserCanDeleteTheUSer" time="24.025"/>
  <testcase classname="com.qalegendbilling.testScripts.LoginTest" name="TC_001_verifyUserLoginsWithValidCredentials" time="8.583"/>
  <testcase classname="com.qalegendbilling.testScripts.LoginTest" name="TC_002_verifyTheErrorMessageDisplayedForInvalidCredentials" time="0.992"/>
  <testcase classname="com.qalegendbilling.testScripts.ResetTest" name="TC_001_verifyForgotPasswordMessageForInvalidEmail" time="1.452"/>
</testsuite> <!-- Testing grouping -->
