<?xml version="1.0" encoding="UTF-8"?>
<!-- Generated by org.testng.reporters.JUnitXMLReporter -->
<testsuite ignored="0" hostname="LAPTOP-R07U5B31" failures="9" tests="9" name="Test" time="190.172" errors="0" timestamp="2023-06-27T11:57:55 GST">
  <testcase classname="com.qalegendbilling.testScripts.ViewUserTest" name="verifyTheDetailsDisplayedOnViewUserPage" time="0.007">
    <failure type="java.lang.NullPointerException" message="Cannot invoke &amp;quot;com.aventstack.extentreports.ExtentTest.assignCategory(String)&amp;quot; because the return value of &amp;quot;java.lang.ThreadLocal.get()&amp;quot; is null">
      <![CDATA[java.lang.NullPointerException: Cannot invoke "com.aventstack.extentreports.ExtentTest.assignCategory(String)" because the return value of "java.lang.ThreadLocal.get()" is null
at com.qalegendbilling.testScripts.ViewUserTest.verifyTheDetailsDisplayedOnViewUserPage(ViewUserTest.java:34)
at java.base/java.util.ArrayList.forEach(ArrayList.java:1511)
... Removed 27 stack frames]]>
    </failure>
  </testcase> <!-- verifyTheDetailsDisplayedOnViewUserPage -->
  <testcase classname="com.qalegendbilling.testScripts.HomeTest" name="TC_001_verifyWhetherUserAbleToSignoutFromTheApplication" time="0.001">
    <failure type="java.lang.NullPointerException" message="Cannot invoke &amp;quot;com.aventstack.extentreports.ExtentTest.assignCategory(String)&amp;quot; because the return value of &amp;quot;java.lang.ThreadLocal.get()&amp;quot; is null">
      <![CDATA[java.lang.NullPointerException: Cannot invoke "com.aventstack.extentreports.ExtentTest.assignCategory(String)" because the return value of "java.lang.ThreadLocal.get()" is null
at com.qalegendbilling.testScripts.HomeTest.TC_001_verifyWhetherUserAbleToSignoutFromTheApplication(HomeTest.java:28)
at java.base/java.util.ArrayList.forEach(ArrayList.java:1511)
... Removed 27 stack frames]]>
    </failure>
  </testcase> <!-- TC_001_verifyWhetherUserAbleToSignoutFromTheApplication -->
  <testcase classname="com.qalegendbilling.testScripts.HomeTest" name="TC_002_verifyUserManagementSubTabs" time="0.0">
    <failure type="java.lang.NullPointerException" message="Cannot invoke &amp;quot;com.aventstack.extentreports.ExtentTest.assignCategory(String)&amp;quot; because the return value of &amp;quot;java.lang.ThreadLocal.get()&amp;quot; is null">
      <![CDATA[java.lang.NullPointerException: Cannot invoke "com.aventstack.extentreports.ExtentTest.assignCategory(String)" because the return value of "java.lang.ThreadLocal.get()" is null
at com.qalegendbilling.testScripts.HomeTest.TC_002_verifyUserManagementSubTabs(HomeTest.java:46)
at java.base/java.util.ArrayList.forEach(ArrayList.java:1511)
... Removed 27 stack frames]]>
    </failure>
  </testcase> <!-- TC_002_verifyUserManagementSubTabs -->
  <testcase classname="com.qalegendbilling.testScripts.AddUserTest" name="TC_001_verifyWhetherUserAbleToAddTheNewUser" time="0.001">
    <failure type="java.lang.NullPointerException" message="Cannot invoke &amp;quot;com.aventstack.extentreports.ExtentTest.assignCategory(String)&amp;quot; because the return value of &amp;quot;java.lang.ThreadLocal.get()&amp;quot; is null">
      <![CDATA[java.lang.NullPointerException: Cannot invoke "com.aventstack.extentreports.ExtentTest.assignCategory(String)" because the return value of "java.lang.ThreadLocal.get()" is null
at com.qalegendbilling.testScripts.AddUserTest.TC_001_verifyWhetherUserAbleToAddTheNewUser(AddUserTest.java:35)
at java.base/java.util.ArrayList.forEach(ArrayList.java:1511)
... Removed 27 stack frames]]>
    </failure>
  </testcase> <!-- TC_001_verifyWhetherUserAbleToAddTheNewUser -->
  <testcase classname="com.qalegendbilling.testScripts.AddUserTest" name="TC_002_verifyInvalidUserSearch" time="0.0">
    <failure type="java.lang.NullPointerException" message="Cannot invoke &amp;quot;com.aventstack.extentreports.ExtentTest.assignCategory(String)&amp;quot; because the return value of &amp;quot;java.lang.ThreadLocal.get()&amp;quot; is null">
      <![CDATA[java.lang.NullPointerException: Cannot invoke "com.aventstack.extentreports.ExtentTest.assignCategory(String)" because the return value of "java.lang.ThreadLocal.get()" is null
at com.qalegendbilling.testScripts.AddUserTest.TC_002_verifyInvalidUserSearch(AddUserTest.java:73)
at java.base/java.util.ArrayList.forEach(ArrayList.java:1511)
... Removed 27 stack frames]]>
    </failure>
  </testcase> <!-- TC_002_verifyInvalidUserSearch -->
  <testcase classname="com.qalegendbilling.testScripts.UserTest" name="TC_001_verifyWhetherUserCanDeleteTheUSer" time="0.002">
    <failure type="java.lang.NullPointerException" message="Cannot invoke &amp;quot;com.aventstack.extentreports.ExtentTest.assignCategory(String)&amp;quot; because the return value of &amp;quot;java.lang.ThreadLocal.get()&amp;quot; is null">
      <![CDATA[java.lang.NullPointerException: Cannot invoke "com.aventstack.extentreports.ExtentTest.assignCategory(String)" because the return value of "java.lang.ThreadLocal.get()" is null
at com.qalegendbilling.testScripts.UserTest.TC_001_verifyWhetherUserCanDeleteTheUSer(UserTest.java:33)
at java.base/java.util.ArrayList.forEach(ArrayList.java:1511)
... Removed 27 stack frames]]>
    </failure>
  </testcase> <!-- TC_001_verifyWhetherUserCanDeleteTheUSer -->
  <testcase classname="com.qalegendbilling.testScripts.LoginTest" name="TC_001_verifyUserLoginsWithValidCredentials" time="0.001">
    <failure type="java.lang.NullPointerException" message="Cannot invoke &amp;quot;com.aventstack.extentreports.ExtentTest.assignCategory(String)&amp;quot; because the return value of &amp;quot;java.lang.ThreadLocal.get()&amp;quot; is null">
      <![CDATA[java.lang.NullPointerException: Cannot invoke "com.aventstack.extentreports.ExtentTest.assignCategory(String)" because the return value of "java.lang.ThreadLocal.get()" is null
at com.qalegendbilling.testScripts.LoginTest.TC_001_verifyUserLoginsWithValidCredentials(LoginTest.java:27)
at java.base/java.util.ArrayList.forEach(ArrayList.java:1511)
... Removed 27 stack frames]]>
    </failure>
  </testcase> <!-- TC_001_verifyUserLoginsWithValidCredentials -->
  <testcase classname="com.qalegendbilling.testScripts.LoginTest" name="TC_002_verifyTheErrorMessageDisplayedForInvalidCredentials" time="0.0">
    <failure type="java.lang.NullPointerException" message="Cannot invoke &amp;quot;com.aventstack.extentreports.ExtentTest.assignCategory(String)&amp;quot; because the return value of &amp;quot;java.lang.ThreadLocal.get()&amp;quot; is null">
      <![CDATA[java.lang.NullPointerException: Cannot invoke "com.aventstack.extentreports.ExtentTest.assignCategory(String)" because the return value of "java.lang.ThreadLocal.get()" is null
at com.qalegendbilling.testScripts.LoginTest.TC_002_verifyTheErrorMessageDisplayedForInvalidCredentials(LoginTest.java:42)
at java.base/java.util.ArrayList.forEach(ArrayList.java:1511)
... Removed 27 stack frames]]>
    </failure>
  </testcase> <!-- TC_002_verifyTheErrorMessageDisplayedForInvalidCredentials -->
  <testcase classname="com.qalegendbilling.testScripts.ResetTest" name="TC_001_verifyForgotPasswordMessageForInvalidEmail" time="0.002">
    <failure type="java.lang.NullPointerException" message="Cannot invoke &amp;quot;com.aventstack.extentreports.ExtentTest.assignCategory(String)&amp;quot; because the return value of &amp;quot;java.lang.ThreadLocal.get()&amp;quot; is null">
      <![CDATA[java.lang.NullPointerException: Cannot invoke "com.aventstack.extentreports.ExtentTest.assignCategory(String)" because the return value of "java.lang.ThreadLocal.get()" is null
at com.qalegendbilling.testScripts.ResetTest.TC_001_verifyForgotPasswordMessageForInvalidEmail(ResetTest.java:27)
at java.base/java.util.ArrayList.forEach(ArrayList.java:1511)
... Removed 27 stack frames]]>
    </failure>
  </testcase> <!-- TC_001_verifyForgotPasswordMessageForInvalidEmail -->
</testsuite> <!-- Test -->
