<?xml version="1.0" encoding="UTF-8"?>
<!-- Generated by org.testng.reporters.JUnitXMLReporter -->
<testsuite ignored="1" hostname="LAPTOP-R07U5B31" failures="0" tests="1" name="Default test" time="30.005" errors="0" timestamp="2023-06-24T04:48:19 GST">
  <testcase classname="com.qalegendbilling.testScripts.AddUserTest" name="TC_002_verifyInvalidUserSearch" time="13.837"/>
  <testcase classname="com.qalegendbilling.testScripts.AddUserTest" name="TC_001_verifyWhetherUserAbleToAddTheNewUser" time="0.0">
    <ignored/>
  </testcase> <!-- TC_001_verifyWhetherUserAbleToAddTheNewUser -->
</testsuite> <!-- Default test -->
