<?xml version="1.0" encoding="UTF-8"?>
<!-- Generated by org.testng.reporters.JUnitXMLReporter -->
<testsuite ignored="0" hostname="LAPTOP-R07U5B31" failures="0" tests="2" name="Test" time="38.943" errors="0" timestamp="2023-06-24T05:26:20 GST">
  <testcase classname="com.qalegendbilling.testScripts.HomeTest" name="TC_001_verifyWhetherUserAbleToSignoutFromTheApplication" time="7.211"/>
  <testcase classname="com.qalegendbilling.testScripts.HomeTest" name="TC_002_verifyUserManagementSubTabs" time="6.603"/>
</testsuite> <!-- Test -->
