<?xml version="1.0" encoding="UTF-8"?>
<!-- Generated by org.testng.reporters.JUnitXMLReporter -->
<testsuite ignored="3" hostname="LAPTOP-R07U5B31" failures="0" tests="7" name="Test" time="135.305" errors="0" timestamp="2023-06-24T05:04:52 GST">
  <testcase classname="com.qalegendbilling.testScripts.HomeTest" name="TC_002_verifyUserManagementSubTabs" time="6.713"/>
  <testcase classname="com.qalegendbilling.testScripts.HomeTest" name="TC_001_verifyWhetherUserAbleToSignoutFromTheApplication" time="5.037"/>
  <testcase classname="com.qalegendbilling.testScripts.AddUserTest" name="TC_001_verifyWhetherUserAbleToAddTheNewUser" time="17.414"/>
  <testcase classname="com.qalegendbilling.testScripts.AddUserTest" name="TC_002_verifyInvalidUserSearch" time="13.59"/>
  <testcase classname="com.qalegendbilling.testScripts.LoginTest" name="TC_001_verifyUserLoginsWithValidCredentials" time="5.383"/>
  <testcase classname="com.qalegendbilling.testScripts.LoginTest" name="TC_002_verifyTheErrorMessageDisplayedForInvalidCredentials" time="1.063"/>
  <testcase classname="com.qalegendbilling.testScripts.ResetTest" name="TC_001_verifyForgotPasswordMessageForInvalidEmail" time="1.425"/>
  <testcase classname="com.qalegendbilling.automationCore.Base" name="@BeforeSuite setExtent" time="0.0">
    <ignored/>
  </testcase> <!-- @BeforeSuite setExtent -->
  <testcase classname="com.qalegendbilling.automationCore.Base" name="@BeforeSuite setExtent" time="0.0">
    <ignored/>
  </testcase> <!-- @BeforeSuite setExtent -->
  <testcase classname="com.qalegendbilling.automationCore.Base" name="@BeforeSuite setExtent" time="0.0">
    <ignored/>
  </testcase> <!-- @BeforeSuite setExtent -->
</testsuite> <!-- Test -->
