<?xml version="1.0" encoding="UTF-8"?>
<!-- Generated by org.testng.reporters.JUnitXMLReporter -->
<testsuite ignored="2" hostname="LAPTOP-R07U5B31" failures="0" tests="5" name="Test" time="51.327" errors="0" timestamp="2023-06-23T04:35:33 GST">
  <testcase classname="com.qalegendbilling.testScripts.HomeTest" name="TC_001_verifyWhetherUserAbleToSignoutFromTheApplication" time="6.534"/>
  <testcase classname="com.qalegendbilling.testScripts.LoginTest" name="TC_001_verifyUserLoginsWithValidCredentials" time="4.207"/>
  <testcase classname="com.qalegendbilling.testScripts.HomeTest" name="TC_002_verifyOptionsUnderUserManagement" time="6.185"/>
  <testcase classname="com.qalegendbilling.testScripts.LoginTest" name="TC_002_verifyTheErrorMessageDisplayedForInvalidCredentials" time="1.402"/>
  <testcase classname="com.qalegendbilling.testScripts.ResetTest" name="TC_001_verifyForgotPasswordMessageForInvalidEmail" time="1.375"/>
  <testcase classname="com.qalegendbilling.automationCore.Base" name="@BeforeSuite setExtent" time="0.0">
    <ignored/>
  </testcase> <!-- @BeforeSuite setExtent -->
  <testcase classname="com.qalegendbilling.automationCore.Base" name="@BeforeSuite setExtent" time="0.0">
    <ignored/>
  </testcase> <!-- @BeforeSuite setExtent -->
</testsuite> <!-- Test -->
