<?xml version="1.0" encoding="UTF-8"?>
<testng-results ignored="0" total="2" passed="2" failed="0" skipped="0">
  <reporter-output>
  </reporter-output>
  <suite started-at="2023-06-24T05:25:41 GST" name="Jenkins Suite" finished-at="2023-06-24T05:26:20 GST" duration-ms="38943">
    <groups>
      <group name="Regression">
        <method signature="HomeTest.TC_001_verifyWhetherUserAbleToSignoutFromTheApplication()[pri:1, instance:com.qalegendbilling.testScripts.HomeTest@f627d13]" name="TC_001_verifyWhetherUserAbleToSignoutFromTheApplication" class="com.qalegendbilling.testScripts.HomeTest"/>
      </group> <!-- Regression -->
      <group name="Smoke">
        <method signature="HomeTest.TC_002_verifyUserManagementSubTabs()[pri:1, instance:com.qalegendbilling.testScripts.HomeTest@f627d13]" name="TC_002_verifyUserManagementSubTabs" class="com.qalegendbilling.testScripts.HomeTest"/>
      </group> <!-- Smoke -->
    </groups>
    <test started-at="2023-06-24T05:25:41 GST" name="Test" finished-at="2023-06-24T05:26:20 GST" duration-ms="38943">
      <class name="com.qalegendbilling.testScripts.HomeTest">
        <test-method is-config="true" signature="setExtent(org.testng.ITestContext)[pri:0, instance:com.qalegendbilling.testScripts.HomeTest@f627d13]" started-at="2023-06-24T05:25:41 GST" name="setExtent" finished-at="2023-06-24T05:25:41 GST" duration-ms="18" status="PASS">
          <params>
            <param index="0">
              <value>
                <![CDATA[org.testng.TestRunner@5b8572df]]>
              </value>
            </param>
          </params>
          <reporter-output>
          </reporter-output>
        </test-method> <!-- setExtent -->
        <test-method is-config="true" signature="setUP(java.lang.String)[pri:0, instance:com.qalegendbilling.testScripts.HomeTest@f627d13]" started-at="2023-06-24T05:25:41 GST" name="setUP" finished-at="2023-06-24T05:25:53 GST" duration-ms="11756" status="PASS">
          <params>
            <param index="0">
              <value>
                <![CDATA[chrome]]>
              </value>
            </param>
          </params>
          <reporter-output>
          </reporter-output>
        </test-method> <!-- setUP -->
        <test-method signature="TC_001_verifyWhetherUserAbleToSignoutFromTheApplication()[pri:1, instance:com.qalegendbilling.testScripts.HomeTest@f627d13]" started-at="2023-06-24T05:25:53 GST" name="TC_001_verifyWhetherUserAbleToSignoutFromTheApplication" description="TC_001_verifyWhetherUserAbleToSignoutFromTheApplication" finished-at="2023-06-24T05:26:00 GST" duration-ms="7211" status="PASS">
          <reporter-output>
          </reporter-output>
        </test-method> <!-- TC_001_verifyWhetherUserAbleToSignoutFromTheApplication -->
        <test-method is-config="true" signature="tearDown(org.testng.ITestResult)[pri:0, instance:com.qalegendbilling.testScripts.HomeTest@f627d13]" started-at="2023-06-24T05:26:00 GST" name="tearDown" finished-at="2023-06-24T05:26:01 GST" duration-ms="657" status="PASS">
          <params>
            <param index="0">
              <value>
                <![CDATA[[TestResult name=TC_001_verifyWhetherUserAbleToSignoutFromTheApplication status=SUCCESS method=HomeTest.TC_001_verifyWhetherUserAbleToSignoutFromTheApplication()[pri:1, instance:com.qalegendbilling.testScripts.HomeTest@f627d13] output={null}]]]>
              </value>
            </param>
          </params>
          <reporter-output>
          </reporter-output>
        </test-method> <!-- tearDown -->
        <test-method is-config="true" signature="setUP(java.lang.String)[pri:0, instance:com.qalegendbilling.testScripts.HomeTest@f627d13]" started-at="2023-06-24T05:26:01 GST" name="setUP" finished-at="2023-06-24T05:26:13 GST" duration-ms="11997" status="PASS">
          <params>
            <param index="0">
              <value>
                <![CDATA[chrome]]>
              </value>
            </param>
          </params>
          <reporter-output>
          </reporter-output>
        </test-method> <!-- setUP -->
        <test-method signature="TC_002_verifyUserManagementSubTabs()[pri:1, instance:com.qalegendbilling.testScripts.HomeTest@f627d13]" started-at="2023-06-24T05:26:13 GST" name="TC_002_verifyUserManagementSubTabs" description="TC_002_verifyUserManagementSubTabs" finished-at="2023-06-24T05:26:19 GST" duration-ms="6603" status="PASS">
          <reporter-output>
          </reporter-output>
        </test-method> <!-- TC_002_verifyUserManagementSubTabs -->
        <test-method is-config="true" signature="tearDown(org.testng.ITestResult)[pri:0, instance:com.qalegendbilling.testScripts.HomeTest@f627d13]" started-at="2023-06-24T05:26:19 GST" name="tearDown" finished-at="2023-06-24T05:26:20 GST" duration-ms="670" status="PASS">
          <params>
            <param index="0">
              <value>
                <![CDATA[[TestResult name=TC_002_verifyUserManagementSubTabs status=SUCCESS method=HomeTest.TC_002_verifyUserManagementSubTabs()[pri:1, instance:com.qalegendbilling.testScripts.HomeTest@f627d13] output={null}]]]>
              </value>
            </param>
          </params>
          <reporter-output>
          </reporter-output>
        </test-method> <!-- tearDown -->
      </class> <!-- com.qalegendbilling.testScripts.HomeTest -->
    </test> <!-- Test -->
  </suite> <!-- Jenkins Suite -->
</testng-results>
