<?xml version="1.0" encoding="UTF-8"?>
<testng-results ignored="1" total="2" passed="1" failed="0" skipped="0">
  <reporter-output>
  </reporter-output>
  <suite started-at="2023-06-24T04:47:49 GST" name="Default suite" finished-at="2023-06-24T04:48:19 GST" duration-ms="30005">
    <groups>
    </groups>
    <test started-at="2023-06-24T04:47:49 GST" name="Default test" finished-at="2023-06-24T04:48:19 GST" duration-ms="30005">
      <class name="com.qalegendbilling.testScripts.AddUserTest">
        <test-method is-config="true" signature="setExtent(org.testng.ITestContext)[pri:0, instance:com.qalegendbilling.testScripts.AddUserTest@544d57e]" started-at="2023-06-24T04:47:49 GST" name="setExtent" finished-at="2023-06-24T04:47:49 GST" duration-ms="11" status="PASS">
          <params>
            <param index="0">
              <value>
                <![CDATA[org.testng.TestRunner@78ec89a6]]>
              </value>
            </param>
          </params>
          <reporter-output>
          </reporter-output>
        </test-method> <!-- setExtent -->
        <test-method is-config="true" signature="setUP()[pri:0, instance:com.qalegendbilling.testScripts.AddUserTest@544d57e]" started-at="2023-06-24T04:47:49 GST" name="setUP" finished-at="2023-06-24T04:48:05 GST" duration-ms="15953" status="PASS">
          <reporter-output>
          </reporter-output>
        </test-method> <!-- setUP -->
        <test-method signature="TC_002_verifyInvalidUserSearch()[pri:0, instance:com.qalegendbilling.testScripts.AddUserTest@544d57e]" started-at="2023-06-24T04:48:05 GST" name="TC_002_verifyInvalidUserSearch" finished-at="2023-06-24T04:48:19 GST" duration-ms="13837" status="PASS">
          <reporter-output>
          </reporter-output>
        </test-method> <!-- TC_002_verifyInvalidUserSearch -->
        <test-method is-config="true" signature="tearDown(org.testng.ITestResult)[pri:0, instance:com.qalegendbilling.testScripts.AddUserTest@544d57e]" started-at="2023-06-24T04:48:19 GST" name="tearDown" finished-at="2023-06-24T04:48:19 GST" duration-ms="194" status="PASS">
          <params>
            <param index="0">
              <value>
                <![CDATA[[TestResult name=TC_002_verifyInvalidUserSearch status=SUCCESS method=AddUserTest.TC_002_verifyInvalidUserSearch()[pri:0, instance:com.qalegendbilling.testScripts.AddUserTest@544d57e] output={null}]]]>
              </value>
            </param>
          </params>
          <reporter-output>
          </reporter-output>
        </test-method> <!-- tearDown -->
      </class> <!-- com.qalegendbilling.testScripts.AddUserTest -->
    </test> <!-- Default test -->
  </suite> <!-- Default suite -->
</testng-results>
