<?xml version="1.0" encoding="UTF-8"?>
<!-- Generated by org.testng.reporters.JUnitXMLReporter -->
<testsuite ignored="0" hostname="LAPTOP-R07U5B31" failures="0" tests="2" name="chrome test" time="41.19" errors="0" timestamp="2023-06-23T04:23:12 GST">
  <testcase classname="com.qalegendbilling.testScripts.HomeTest" name="TC_001_verifyWhetherUserAbleToSignoutFromTheApplication" time="7.015"/>
  <testcase classname="com.qalegendbilling.testScripts.HomeTest" name="TC_002_verifyOptionsUnderUserManagement" time="7.253"/>
</testsuite> <!-- chrome test -->
